<?xml version="1.0" encoding="UTF-8"?>
<!-- Generated by org.testng.reporters.JUnitReportReporter -->
<testsuite skipped="0" hostname="LP-5CD120NLR8" name="example.calculatorTestTestNg" tests="2" failures="0" timestamp="06 Oct 2021 10:50:07 GMT" time="0.000" errors="0">
  <testcase name="sub1" time="0.000" classname="example.calculatorTestTestNg"/>
  <testcase name="add1" time="0.000" classname="example.calculatorTestTestNg"/>
</testsuite> <!-- example.calculatorTestTestNg -->
