<?xml version="1.0" encoding="UTF-8"?>
<!-- Generated by org.testng.reporters.JUnitReportReporter -->
<testsuite skipped="0" hostname="LP-5CD120NLR8" name="example.TestNgGroups" tests="2" failures="0" timestamp="07 Oct 2021 06:33:26 GMT" time="0.000" errors="0">
  <testcase name="first" time="0.000" classname="example.TestNgGroups"/>
  <testcase name="second" time="0.000" classname="example.TestNgGroups"/>
</testsuite> <!-- example.TestNgGroups -->
