<?xml version="1.0" encoding="UTF-8"?>
<!-- Generated by org.testng.reporters.JUnitReportReporter -->
<testsuite skipped="0" hostname="LP-5CD120NLR8" name="example.DependsOnMethod" tests="2" failures="0" timestamp="06 Oct 2021 11:36:53 GMT" time="0.015" errors="0">
  <testcase name="sample2" time="0.015" classname="example.DependsOnMethod"/>
  <testcase name="sample1" time="0.000" classname="example.DependsOnMethod"/>
</testsuite> <!-- example.DependsOnMethod -->
