<?xml version="1.0" encoding="UTF-8"?>
<!-- Generated by org.testng.reporters.JUnitReportReporter -->
<testsuite skipped="0" hostname="LP-5CD120NLR8" name="example.NewTest1" tests="2" failures="0" timestamp="06 Oct 2021 11:01:29 GMT" time="0.015" errors="0">
  <testcase name="sample2" time="0.000" classname="example.NewTest1"/>
  <testcase name="sample1" time="0.015" classname="example.NewTest1"/>
</testsuite> <!-- example.NewTest1 -->
