<?xml version="1.0" encoding="UTF-8"?>
<!-- Generated by org.testng.reporters.JUnitReportReporter -->
<testsuite skipped="0" hostname="LP-5CD120NLR8" name="example.TestNgProirity" tests="5" failures="0" timestamp="06 Oct 2021 11:42:50 GMT" time="0.024" errors="0">
  <testcase name="fifth" time="0.016" classname="example.TestNgProirity"/>
  <testcase name="fourth" time="0.000" classname="example.TestNgProirity"/>
  <testcase name="second" time="0.000" classname="example.TestNgProirity"/>
  <testcase name="third" time="0.008" classname="example.TestNgProirity"/>
  <testcase name="first" time="0.000" classname="example.TestNgProirity"/>
</testsuite> <!-- example.TestNgProirity -->
