<?xml version="1.0" encoding="UTF-8"?>
<!-- Generated by org.testng.reporters.JUnitReportReporter -->
<testsuite skipped="0" hostname="LP-5CD120NLR8" name="example.TestNgAnnotations" tests="2" failures="0" timestamp="06 Oct 2021 11:38:11 GMT" time="0.008" errors="0">
  <testcase name="sample2" time="0.000" classname="example.TestNgAnnotations"/>
  <testcase name="sample1" time="0.008" classname="example.TestNgAnnotations"/>
</testsuite> <!-- example.TestNgAnnotations -->
